0 info it worked if it ends with ok
1 verbose cli [ '/usr/local/bin/node', '/usr/local/bin/npm', 'start' ]
2 info using npm@3.8.0
3 info using node@v4.2.6
4 verbose run-script [ 'prestart', 'start', 'poststart' ]
5 info lifecycle solarv@1.0.0~prestart: solarv@1.0.0
6 silly lifecycle solarv@1.0.0~prestart: no script for prestart, continuing
7 info lifecycle solarv@1.0.0~start: solarv@1.0.0
8 verbose lifecycle solarv@1.0.0~start: unsafe-perm in lifecycle true
9 verbose lifecycle solarv@1.0.0~start: PATH: /usr/local/lib/node_modules/npm/bin/node-gyp-bin:/Users/nick/workspace/solarv/node_modules/.bin:/usr/local/bin:/usr/local/bin:/usr/bin:/bin:/usr/sbin:/sbin
10 verbose lifecycle solarv@1.0.0~start: CWD: /Users/nick/workspace/solarv
11 silly lifecycle solarv@1.0.0~start: Args: [ '-c',
11 silly lifecycle   'watchify ./src/index.js -d -o ./public/js/bundle.js -v' ]
12 info lifecycle solarv@1.0.0~start: Failed to exec start script
13 verbose stack Error: solarv@1.0.0 start: `watchify ./src/index.js -d -o ./public/js/bundle.js -v`
13 verbose stack spawn ENOENT
13 verbose stack     at ChildProcess.<anonymous> (/usr/local/lib/node_modules/npm/lib/utils/spawn.js:17:16)
13 verbose stack     at emitTwo (events.js:87:13)
13 verbose stack     at ChildProcess.emit (events.js:172:7)
13 verbose stack     at maybeClose (internal/child_process.js:821:16)
13 verbose stack     at Process.ChildProcess._handle.onexit (internal/child_process.js:211:5)
14 verbose pkgid solarv@1.0.0
15 verbose cwd /Users/nick/workspace/solarv
16 error Darwin 15.0.0
17 error argv "/usr/local/bin/node" "/usr/local/bin/npm" "start"
18 error node v4.2.6
19 error npm  v3.8.0
20 error file sh
21 error code ELIFECYCLE
22 error errno ENOENT
23 error syscall spawn
24 error solarv@1.0.0 start: `watchify ./src/index.js -d -o ./public/js/bundle.js -v`
24 error spawn ENOENT
25 error Failed at the solarv@1.0.0 start script 'watchify ./src/index.js -d -o ./public/js/bundle.js -v'.
25 error Make sure you have the latest version of node.js and npm installed.
25 error If you do, this is most likely a problem with the solarv package,
25 error not with npm itself.
25 error Tell the author that this fails on your system:
25 error     watchify ./src/index.js -d -o ./public/js/bundle.js -v
25 error You can get information on how to open an issue for this project with:
25 error     npm bugs solarv
25 error Or if that isn't available, you can get their info via:
25 error     npm owner ls solarv
25 error There is likely additional logging output above.
26 verbose exit [ 1, true ]
